polygon size:65
POLYGON((-4.69307 34.3071,-12.2571 30.9022,-17.8862 23.564,-18.9416 16.1303,-19.997 3.86425,-18.238 -3.68886,-15.9512 -6.3153,-11.7294 -7.36247,-9.79439 -4.91583,-11.0257 -2.54799,-15.9512 0.790991,-16.1271 2.72358,-15.5994 7.9722,-14.5439 11.9533,-13.8403 19.5598,-11.9053 22.1874,-9.09076 25.2447,-5.74852 27.4498,-2.23036 25.7207,-4.16534 22.0245,-4.86898 20.5505,-1.70264 20.221,-0.119465 22.0245,1.4637 24.1267,3.04688 25.2447,6.21322 24.2069,6.56503 21.4531,5.50958 18.1459,2.81199 14.7749,1.4637 13.7527,-2.75808 12.5546,-4.86898 11.0922,-6.97987 7.79808,-5.74852 4.82826,-2.58217 3.0747,1.99143 2.89915,6.94355 4.30259,7.62111 5.61599,9.38019 8.05923,11.0513 11.3508,13.4261 14.9448,15.8888 14.6048,19.8467 10.3149,21.8696 -0.175781,22.0456 -9.96885,26.0914 -12.5546,28.1144 -10.4014,30.753 -6.92643,31.2807 1.58183,29.7868 6.66461,29.6988 10.8333,29.259 16.2147,31.0158 13.9234,31.8954 29.6881,32.4231 33.578,32.2472 38.9594,31.0158 42.5531,24.7711 40.1789,23.7157 31.6534,24.2434 22.7559,16.3275 25.3242,11.2262 32.9902,7.53214 39.096,-1.08734 40.313,-4.69307 34.3071))
Org area:1269.19
numPoints 64
cutline : (-1.08734 40.313)(-4.69307 34.3071 )(-12.2571 30.9022)
i: 1  currArea : 1269.19
numPoints 64
cutline : (-4.69307 34.3071)(-12.2571 30.9022 )(-17.8862 23.564)
T Area : 18.1699  prevArea: 1269.19 currArea: 1251.02
Area Gain : 18.1699
i: 2  currArea : 1251.02
numPoints 63
cutline : (-1.08734 40.313)(-4.69307 34.3071 )(-17.8862 23.564)
i: 3  currArea : 1251.02
numPoints 63
cutline : (-4.69307 34.3071)(-17.8862 23.564 )(-18.9416 16.1303)
T Area : 43.3678  prevArea: 1251.02 currArea: 1207.65
Area Gain : 43.3678
i: 4  currArea : 1207.65
numPoints 62
cutline : (-1.08734 40.313)(-4.69307 34.3071 )(-18.9416 16.1303)
i: 5  currArea : 1207.65
numPoints 62
cutline : (-4.69307 34.3071)(-18.9416 16.1303 )(-19.997 3.86425)
i: 6  currArea : 1207.65
numPoints 62
cutline : (-18.9416 16.1303)(-19.997 3.86425 )(-18.238 -3.68886)
T Area : 14.7738  prevArea: 1207.65 currArea: 1192.88
Area Gain : 14.7738
i: 7  currArea : 1192.88
numPoints 61
cutline : (-4.69307 34.3071)(-18.9416 16.1303 )(-18.238 -3.68886)
i: 8  currArea : 1192.88
numPoints 61
cutline : (-18.9416 16.1303)(-18.238 -3.68886 )(-15.9512 -6.3153)
T Area : 21.7372  prevArea: 1192.88 currArea: 1171.14
Area Gain : 21.7372
i: 9  currArea : 1171.14
numPoints 60
cutline : (-4.69307 34.3071)(-18.9416 16.1303 )(-15.9512 -6.3153)
i: 10  currArea : 1171.14
numPoints 60
cutline : (-18.9416 16.1303)(-15.9512 -6.3153 )(-11.7294 -7.36247)
i: 11  currArea : 1171.14
numPoints 60
cutline : (-15.9512 -6.3153)(-11.7294 -7.36247 )(-9.79439 -4.91583)
T Area : 6.17775  prevArea: 1171.14 currArea: 1164.96
Area Gain : 6.17775
i: 12  currArea : 1164.96
numPoints 59
cutline : (-18.9416 16.1303)(-15.9512 -6.3153 )(-9.79439 -4.91583)
i: 13  currArea : 1164.96
numPoints 59
cutline : (-15.9512 -6.3153)(-9.79439 -4.91583 )(-11.0257 -2.54799)
T Area : 8.15076  prevArea: 1164.96 currArea: 1156.81
Area Gain : 8.15076
i: 14  currArea : 1156.81
numPoints 58
cutline : (-18.9416 16.1303)(-15.9512 -6.3153 )(-11.0257 -2.54799)
i: 15  currArea : 1156.81
numPoints 58
cutline : (-15.9512 -6.3153)(-11.0257 -2.54799 )(-15.9512 0.790991)
T Area : 17.501  prevArea: 1156.81 currArea: 1139.31
Area Gain : 17.501
i: 16  currArea : 1139.31
numPoints 57
cutline : (-18.9416 16.1303)(-15.9512 -6.3153 )(-15.9512 0.790991)
T Area : 10.6253  prevArea: 1139.31 currArea: 1128.68
Area Gain : 10.6253
i: 17  currArea : 1128.68
numPoints 56
cutline : (-4.69307 34.3071)(-18.9416 16.1303 )(-15.9512 0.790991)
i: 18  currArea : 1128.68
numPoints 56
cutline : (-18.9416 16.1303)(-15.9512 0.790991 )(-16.1271 2.72358)
T Area : 1.54051  prevArea: 1128.68 currArea: 1127.14
Area Gain : 1.54051
i: 19  currArea : 1127.14
numPoints 55
cutline : (-4.69307 34.3071)(-18.9416 16.1303 )(-16.1271 2.72358)
i: 20  currArea : 1127.14
numPoints 55
cutline : (-18.9416 16.1303)(-16.1271 2.72358 )(-15.5994 7.9722)
T Area : 10.9235  prevArea: 1127.14 currArea: 1116.22
Area Gain : 10.9235
i: 21  currArea : 1116.22
numPoints 54
cutline : (-4.69307 34.3071)(-18.9416 16.1303 )(-15.5994 7.9722)
i: 22  currArea : 1116.22
numPoints 54
cutline : (-18.9416 16.1303)(-15.5994 7.9722 )(-14.5439 11.9533)
T Area : 10.9583  prevArea: 1116.22 currArea: 1105.26
Area Gain : 10.9583
i: 23  currArea : 1105.26
numPoints 53
cutline : (-4.69307 34.3071)(-18.9416 16.1303 )(-14.5439 11.9533)
i: 24  currArea : 1105.26
numPoints 53
cutline : (-18.9416 16.1303)(-14.5439 11.9533 )(-13.8403 19.5598)
T Area : 18.195  prevArea: 1105.26 currArea: 1087.07
Area Gain : 18.195
i: 25  currArea : 1087.07
numPoints 52
cutline : (-4.69307 34.3071)(-18.9416 16.1303 )(-13.8403 19.5598)
T Area : 21.93  prevArea: 1087.07 currArea: 1065.14
Area Gain : 21.93
i: 26  currArea : 1065.14
numPoints 51
cutline : (-1.08734 40.313)(-4.69307 34.3071 )(-13.8403 19.5598)
i: 27  currArea : 1065.14
numPoints 51
cutline : (-4.69307 34.3071)(-13.8403 19.5598 )(-11.9053 22.1874)
T Area : 2.25038  prevArea: 1065.14 currArea: 1062.89
Area Gain : 2.25038
i: 28  currArea : 1062.89
numPoints 50
cutline : (-1.08734 40.313)(-4.69307 34.3071 )(-11.9053 22.1874)
T Area : 0.192217  prevArea: 1062.89 currArea: 1062.69
Area Gain : 0.192217
i: 29  currArea : 1062.69
numPoints 49
cutline : (7.53214 39.096)(-1.08734 40.313 )(-11.9053 22.1874)
i: 30  currArea : 1062.69
numPoints 49
cutline : (-1.08734 40.313)(-11.9053 22.1874 )(-9.09076 25.2447)
T Area : 8.97074  prevArea: 1062.69 currArea: 1053.72
Area Gain : 8.97074
i: 31  currArea : 1053.72
numPoints 48
cutline : (7.53214 39.096)(-1.08734 40.313 )(-9.09076 25.2447)
T Area : 69.8105  prevArea: 1053.72 currArea: 983.913
Area Gain : 69.8105
i: 32  currArea : 983.913
numPoints 47
cutline : (11.2262 32.9902)(7.53214 39.096 )(-9.09076 25.2447)
i: 33  currArea : 983.913
numPoints 47
cutline : (7.53214 39.096)(-9.09076 25.2447 )(-5.74852 27.4498)
T Area : 4.81961  prevArea: 983.913 currArea: 979.093
Area Gain : 4.81961
i: 34  currArea : 979.093
numPoints 46
cutline : (11.2262 32.9902)(7.53214 39.096 )(-5.74852 27.4498)
T Area : 62.0554  prevArea: 979.093 currArea: 917.038
Area Gain : 62.0554
i: 35  currArea : 917.038
numPoints 45
cutline : (16.3275 25.3242)(11.2262 32.9902 )(-5.74852 27.4498)
T Area : 79.1957  prevArea: 917.038 currArea: 837.842
Area Gain : 79.1957
i: 36  currArea : 837.842
numPoints 44
cutline : (24.2434 22.7559)(16.3275 25.3242 )(-5.74852 27.4498)
T Area : 19.9359  prevArea: 837.842 currArea: 817.906
Area Gain : 19.9359
i: 37  currArea : 817.906
numPoints 43
cutline : (23.7157 31.6534)(24.2434 22.7559 )(-5.74852 27.4498)
i: 38  currArea : 817.906
numPoints 43
cutline : (24.2434 22.7559)(-5.74852 27.4498 )(-2.23036 25.7207)
i: 39  currArea : 817.906
numPoints 43
cutline : (-5.74852 27.4498)(-2.23036 25.7207 )(-4.16534 22.0245)
i: 40  currArea : 817.906
numPoints 43
cutline : (-2.23036 25.7207)(-4.16534 22.0245 )(-4.86898 20.5505)
T Area : 0.125683  prevArea: 817.906 currArea: 817.78
Area Gain : 0.125683
i: 41  currArea : 817.78
numPoints 42
cutline : (-5.74852 27.4498)(-2.23036 25.7207 )(-4.86898 20.5505)
i: 42  currArea : 817.78
numPoints 42
cutline : (-2.23036 25.7207)(-4.86898 20.5505 )(-1.70264 20.221)
T Area : 8.62002  prevArea: 817.78 currArea: 809.16
Area Gain : 8.62002
i: 43  currArea : 809.16
numPoints 41
cutline : (-5.74852 27.4498)(-2.23036 25.7207 )(-1.70264 20.221)
i: 44  currArea : 809.16
numPoints 41
cutline : (-2.23036 25.7207)(-1.70264 20.221 )(-0.119465 22.0245)
T Area : 4.82937  prevArea: 809.16 currArea: 804.331
Area Gain : 4.82937
i: 45  currArea : 804.331
numPoints 40
cutline : (-5.74852 27.4498)(-2.23036 25.7207 )(-0.119465 22.0245)
i: 46  currArea : 804.331
numPoints 40
cutline : (-2.23036 25.7207)(-0.119465 22.0245 )(1.4637 24.1267)
T Area : 5.14461  prevArea: 804.331 currArea: 799.186
Area Gain : 5.14461
i: 47  currArea : 799.186
numPoints 39
cutline : (-5.74852 27.4498)(-2.23036 25.7207 )(1.4637 24.1267)
T Area : 0.389726  prevArea: 799.186 currArea: 798.796
Area Gain : 0.389726
i: 48  currArea : 798.796
numPoints 38
cutline : (24.2434 22.7559)(-5.74852 27.4498 )(1.4637 24.1267)
i: 49  currArea : 798.796
numPoints 38
cutline : (-5.74852 27.4498)(1.4637 24.1267 )(3.04688 25.2447)
T Area : 6.66216  prevArea: 798.796 currArea: 792.134
Area Gain : 6.66216
i: 50  currArea : 792.134
numPoints 37
cutline : (24.2434 22.7559)(-5.74852 27.4498 )(3.04688 25.2447)
T Area : 12.4252  prevArea: 792.134 currArea: 779.709
Area Gain : 12.4252
i: 51  currArea : 779.709
numPoints 36
cutline : (23.7157 31.6534)(24.2434 22.7559 )(3.04688 25.2447)
i: 52  currArea : 779.709
numPoints 36
cutline : (24.2434 22.7559)(3.04688 25.2447 )(6.21322 24.2069)
T Area : 7.05868  prevArea: 779.709 currArea: 772.65
Area Gain : 7.05868
i: 53  currArea : 772.65
numPoints 35
cutline : (23.7157 31.6534)(24.2434 22.7559 )(6.21322 24.2069)
i: 54  currArea : 772.65
numPoints 35
cutline : (24.2434 22.7559)(6.21322 24.2069 )(6.56503 21.4531)
T Area : 24.5705  prevArea: 772.65 currArea: 748.08
Area Gain : 24.5705
i: 55  currArea : 748.08
numPoints 34
cutline : (23.7157 31.6534)(24.2434 22.7559 )(6.56503 21.4531)
i: 56  currArea : 748.08
numPoints 34
cutline : (24.2434 22.7559)(6.56503 21.4531 )(5.50958 18.1459)
T Area : 28.5454  prevArea: 748.08 currArea: 719.534
Area Gain : 28.5454
i: 57  currArea : 719.534
numPoints 33
cutline : (23.7157 31.6534)(24.2434 22.7559 )(5.50958 18.1459)
i: 58  currArea : 719.534
numPoints 33
cutline : (24.2434 22.7559)(5.50958 18.1459 )(2.81199 14.7749)
T Area : 25.3579  prevArea: 719.534 currArea: 694.177
Area Gain : 25.3579
i: 59  currArea : 694.177
numPoints 32
cutline : (23.7157 31.6534)(24.2434 22.7559 )(2.81199 14.7749)
i: 60  currArea : 694.177
numPoints 32
cutline : (24.2434 22.7559)(2.81199 14.7749 )(1.4637 13.7527)
T Area : 5.57324  prevArea: 694.177 currArea: 688.603
Area Gain : 5.57324
i: 61  currArea : 688.603
numPoints 31
cutline : (23.7157 31.6534)(24.2434 22.7559 )(1.4637 13.7527)
i: 62  currArea : 688.603
numPoints 31
cutline : (24.2434 22.7559)(1.4637 13.7527 )(-2.75808 12.5546)
i: 63  currArea : 688.603
numPoints 31
cutline : (1.4637 13.7527)(-2.75808 12.5546 )(-4.86898 11.0922)
T Area : 1.82243  prevArea: 688.603 currArea: 686.781
Area Gain : 1.82243
i: 64  currArea : 686.781
numPoints 30
cutline : (24.2434 22.7559)(1.4637 13.7527 )(-4.86898 11.0922)
T Area : 1.7955  prevArea: 686.781 currArea: 684.985
Area Gain : 1.7955
i: 65  currArea : 684.985
numPoints 29
cutline : (23.7157 31.6534)(24.2434 22.7559 )(-4.86898 11.0922)
i: 66  currArea : 684.985
numPoints 29
cutline : (24.2434 22.7559)(-4.86898 11.0922 )(-6.97987 7.79808)
T Area : 35.6394  prevArea: 684.985 currArea: 649.346
Area Gain : 35.6394
i: 67  currArea : 649.346
numPoints 28
cutline : (23.7157 31.6534)(24.2434 22.7559 )(-6.97987 7.79808)
i: 68  currArea : 649.346
numPoints 28
cutline : (24.2434 22.7559)(-6.97987 7.79808 )(-5.74852 4.82826)
T Area : 55.5729  prevArea: 649.346 currArea: 593.773
Area Gain : 55.5729
i: 69  currArea : 593.773
numPoints 27
cutline : (23.7157 31.6534)(24.2434 22.7559 )(-5.74852 4.82826)
i: 70  currArea : 593.773
numPoints 27
cutline : (24.2434 22.7559)(-5.74852 4.82826 )(-2.58217 3.0747)
i: 71  currArea : 593.773
numPoints 27
cutline : (-5.74852 4.82826)(-2.58217 3.0747 )(1.99143 2.89915)
T Area : 3.73211  prevArea: 593.773 currArea: 590.041
Area Gain : 3.73211
i: 72  currArea : 590.041
numPoints 26
cutline : (24.2434 22.7559)(-5.74852 4.82826 )(1.99143 2.89915)
i: 73  currArea : 590.041
numPoints 26
cutline : (-5.74852 4.82826)(1.99143 2.89915 )(6.94355 4.30259)
T Area : 10.2079  prevArea: 590.041 currArea: 579.833
Area Gain : 10.2079
i: 74  currArea : 579.833
numPoints 25
cutline : (24.2434 22.7559)(-5.74852 4.82826 )(6.94355 4.30259)
i: 75  currArea : 579.833
numPoints 25
cutline : (-5.74852 4.82826)(6.94355 4.30259 )(7.62111 5.61599)
T Area : 8.51297  prevArea: 579.833 currArea: 571.32
Area Gain : 8.51297
i: 76  currArea : 571.32
numPoints 24
cutline : (24.2434 22.7559)(-5.74852 4.82826 )(7.62111 5.61599)
i: 77  currArea : 571.32
numPoints 24
cutline : (-5.74852 4.82826)(7.62111 5.61599 )(9.38019 8.05923)
T Area : 15.6398  prevArea: 571.32 currArea: 555.68
Area Gain : 15.6398
i: 78  currArea : 555.68
numPoints 23
cutline : (24.2434 22.7559)(-5.74852 4.82826 )(9.38019 8.05923)
i: 79  currArea : 555.68
numPoints 23
cutline : (-5.74852 4.82826)(9.38019 8.05923 )(11.0513 11.3508)
T Area : 22.199  prevArea: 555.68 currArea: 533.481
Area Gain : 22.199
i: 80  currArea : 533.481
numPoints 22
cutline : (24.2434 22.7559)(-5.74852 4.82826 )(11.0513 11.3508)
i: 81  currArea : 533.481
numPoints 22
cutline : (-5.74852 4.82826)(11.0513 11.3508 )(13.4261 14.9448)
T Area : 22.4444  prevArea: 533.481 currArea: 511.037
Area Gain : 22.4444
i: 82  currArea : 511.037
numPoints 21
cutline : (24.2434 22.7559)(-5.74852 4.82826 )(13.4261 14.9448)
T Area : 20.1706  prevArea: 511.037 currArea: 490.866
Area Gain : 20.1706
i: 83  currArea : 490.866
numPoints 20
cutline : (23.7157 31.6534)(24.2434 22.7559 )(13.4261 14.9448)
i: 84  currArea : 490.866
numPoints 20
cutline : (24.2434 22.7559)(13.4261 14.9448 )(15.8888 14.6048)
T Area : 11.4571  prevArea: 490.866 currArea: 479.409
Area Gain : 11.4571
i: 85  currArea : 479.409
numPoints 19
cutline : (23.7157 31.6534)(24.2434 22.7559 )(15.8888 14.6048)
i: 86  currArea : 479.409
numPoints 19
cutline : (24.2434 22.7559)(15.8888 14.6048 )(19.8467 10.3149)
T Area : 34.0508  prevArea: 479.409 currArea: 445.358
Area Gain : 34.0508
i: 87  currArea : 445.358
numPoints 18
cutline : (23.7157 31.6534)(24.2434 22.7559 )(19.8467 10.3149)
i: 88  currArea : 445.358
numPoints 18
cutline : (24.2434 22.7559)(19.8467 10.3149 )(21.8696 -0.175781)
T Area : 35.6456  prevArea: 445.358 currArea: 409.713
Area Gain : 35.6456
i: 89  currArea : 409.713
numPoints 17
cutline : (23.7157 31.6534)(24.2434 22.7559 )(21.8696 -0.175781)
i: 90  currArea : 409.713
numPoints 17
cutline : (24.2434 22.7559)(21.8696 -0.175781 )(22.0456 -9.96885)
T Area : 13.6414  prevArea: 409.713 currArea: 396.071
Area Gain : 13.6414
i: 91  currArea : 396.071
numPoints 16
cutline : (23.7157 31.6534)(24.2434 22.7559 )(22.0456 -9.96885)
i: 92  currArea : 396.071
numPoints 16
cutline : (24.2434 22.7559)(22.0456 -9.96885 )(26.0914 -12.5546)
T Area : 69.0404  prevArea: 396.071 currArea: 327.031
Area Gain : 69.0404
i: 93  currArea : 327.031
numPoints 15
cutline : (23.7157 31.6534)(24.2434 22.7559 )(26.0914 -12.5546)
i: 94  currArea : 327.031
numPoints 15
cutline : (24.2434 22.7559)(26.0914 -12.5546 )(28.1144 -10.4014)
T Area : 37.7061  prevArea: 327.031 currArea: 289.325
Area Gain : 37.7061
i: 95  currArea : 289.325
numPoints 14
cutline : (23.7157 31.6534)(24.2434 22.7559 )(28.1144 -10.4014)
T Area : 8.47256  prevArea: 289.325 currArea: 280.852
Area Gain : 8.47256
i: 96  currArea : 280.852
numPoints 13
cutline : (24.7711 40.1789)(23.7157 31.6534 )(28.1144 -10.4014)
T Area : 40.9429  prevArea: 280.852 currArea: 239.909
Area Gain : 40.9429
i: 97  currArea : 239.909
numPoints 12
cutline : (31.0158 42.5531)(24.7711 40.1789 )(28.1144 -10.4014)
i: 98  currArea : 239.909
numPoints 12
cutline : (24.7711 40.1789)(28.1144 -10.4014 )(30.753 -6.92643)
T Area : 72.5395  prevArea: 239.909 currArea: 167.37
Area Gain : 72.5395
i: 99  currArea : 167.37
numPoints 11
cutline : (31.0158 42.5531)(24.7711 40.1789 )(30.753 -6.92643)
i: 100  currArea : 167.37
numPoints 11
cutline : (24.7711 40.1789)(30.753 -6.92643 )(31.2807 1.58183)
i: 101  currArea : 167.37
numPoints 11
cutline : (30.753 -6.92643)(31.2807 1.58183 )(29.7868 6.66461)
T Area : 7.69634  prevArea: 167.37 currArea: 159.674
Area Gain : 7.69634
i: 102  currArea : 159.674
numPoints 10
cutline : (24.7711 40.1789)(30.753 -6.92643 )(29.7868 6.66461)
T Area : 17.8935  prevArea: 159.674 currArea: 141.78
Area Gain : 17.8935
i: 103  currArea : 141.78
numPoints 9
cutline : (31.0158 42.5531)(24.7711 40.1789 )(29.7868 6.66461)
i: 104  currArea : 141.78
numPoints 9
cutline : (24.7711 40.1789)(29.7868 6.66461 )(29.6988 10.8333)
T Area : 8.97982  prevArea: 141.78 currArea: 132.8
Area Gain : 8.97982
i: 105  currArea : 132.8
numPoints 8
cutline : (31.0158 42.5531)(24.7711 40.1789 )(29.6988 10.8333)
i: 106  currArea : 132.8
numPoints 8
cutline : (24.7711 40.1789)(29.6988 10.8333 )(29.259 16.2147)
T Area : 6.80586  prevArea: 132.8 currArea: 125.994
Area Gain : 6.80586
i: 107  currArea : 125.994
numPoints 7
cutline : (31.0158 42.5531)(24.7711 40.1789 )(29.259 16.2147)
T Area : 80.1522  prevArea: 125.994 currArea: 45.8421
Area Gain : 80.1522
i: 108  currArea : 45.8421
numPoints 6
cutline : (32.2472 38.9594)(31.0158 42.5531 )(29.259 16.2147)
T Area : 19.3733  prevArea: 45.8421 currArea: 26.4689
Area Gain : 19.3733
i: 109  currArea : 26.4689
numPoints 5
cutline : (32.4231 33.578)(32.2472 38.9594 )(29.259 16.2147)
T Area : 10.0407  prevArea: 26.4689 currArea: 16.4281
Area Gain : 10.0407
i: 110  currArea : 16.4281
numPoints 4
cutline : (31.8954 29.6881)(32.4231 33.578 )(29.259 16.2147)
T Area : 1.57271  prevArea: 16.4281 currArea: 14.8554
Area Gain : 1.57271
i: 111  currArea : 14.8554
numPoints: 3  currArea : 14.8554
Add last rectangle
T Area : 14.8554  prevArea: 14.8554 currArea: 4.26326e-14
[-4.69307,34.3071],[-12.2571,30.9022],[-17.8862,23.564],
[-4.69307,34.3071],[-17.8862,23.564],[-18.9416,16.1303],
[-18.9416,16.1303],[-19.997,3.86425],[-18.238,-3.68886],
[-18.9416,16.1303],[-18.238,-3.68886],[-15.9512,-6.3153],
[-15.9512,-6.3153],[-11.7294,-7.36247],[-9.79439,-4.91583],
[-15.9512,-6.3153],[-9.79439,-4.91583],[-11.0257,-2.54799],
[-15.9512,-6.3153],[-11.0257,-2.54799],[-15.9512,0.790991],
[-18.9416,16.1303],[-15.9512,-6.3153],[-15.9512,0.790991],
[-18.9416,16.1303],[-15.9512,0.790991],[-16.1271,2.72358],
[-18.9416,16.1303],[-16.1271,2.72358],[-15.5994,7.9722],
[-18.9416,16.1303],[-15.5994,7.9722],[-14.5439,11.9533],
[-18.9416,16.1303],[-14.5439,11.9533],[-13.8403,19.5598],
[-4.69307,34.3071],[-18.9416,16.1303],[-13.8403,19.5598],
[-4.69307,34.3071],[-13.8403,19.5598],[-11.9053,22.1874],
[-1.08734,40.313],[-4.69307,34.3071],[-11.9053,22.1874],
[-1.08734,40.313],[-11.9053,22.1874],[-9.09076,25.2447],
[7.53214,39.096],[-1.08734,40.313],[-9.09076,25.2447],
[7.53214,39.096],[-9.09076,25.2447],[-5.74852,27.4498],
[11.2262,32.9902],[7.53214,39.096],[-5.74852,27.4498],
[16.3275,25.3242],[11.2262,32.9902],[-5.74852,27.4498],
[24.2434,22.7559],[16.3275,25.3242],[-5.74852,27.4498],
[-2.23036,25.7207],[-4.16534,22.0245],[-4.86898,20.5505],
[-2.23036,25.7207],[-4.86898,20.5505],[-1.70264,20.221],
[-2.23036,25.7207],[-1.70264,20.221],[-0.119465,22.0245],
[-2.23036,25.7207],[-0.119465,22.0245],[1.4637,24.1267],
[-5.74852,27.4498],[-2.23036,25.7207],[1.4637,24.1267],
[-5.74852,27.4498],[1.4637,24.1267],[3.04688,25.2447],
[24.2434,22.7559],[-5.74852,27.4498],[3.04688,25.2447],
[24.2434,22.7559],[3.04688,25.2447],[6.21322,24.2069],
[24.2434,22.7559],[6.21322,24.2069],[6.56503,21.4531],
[24.2434,22.7559],[6.56503,21.4531],[5.50958,18.1459],
[24.2434,22.7559],[5.50958,18.1459],[2.81199,14.7749],
[24.2434,22.7559],[2.81199,14.7749],[1.4637,13.7527],
[1.4637,13.7527],[-2.75808,12.5546],[-4.86898,11.0922],
[24.2434,22.7559],[1.4637,13.7527],[-4.86898,11.0922],
[24.2434,22.7559],[-4.86898,11.0922],[-6.97987,7.79808],
[24.2434,22.7559],[-6.97987,7.79808],[-5.74852,4.82826],
[-5.74852,4.82826],[-2.58217,3.0747],[1.99143,2.89915],
[-5.74852,4.82826],[1.99143,2.89915],[6.94355,4.30259],
[-5.74852,4.82826],[6.94355,4.30259],[7.62111,5.61599],
[-5.74852,4.82826],[7.62111,5.61599],[9.38019,8.05923],
[-5.74852,4.82826],[9.38019,8.05923],[11.0513,11.3508],
[-5.74852,4.82826],[11.0513,11.3508],[13.4261,14.9448],
[24.2434,22.7559],[-5.74852,4.82826],[13.4261,14.9448],
[24.2434,22.7559],[13.4261,14.9448],[15.8888,14.6048],
[24.2434,22.7559],[15.8888,14.6048],[19.8467,10.3149],
[24.2434,22.7559],[19.8467,10.3149],[21.8696,-0.175781],
[24.2434,22.7559],[21.8696,-0.175781],[22.0456,-9.96885],
[24.2434,22.7559],[22.0456,-9.96885],[26.0914,-12.5546],
[24.2434,22.7559],[26.0914,-12.5546],[28.1144,-10.4014],
[23.7157,31.6534],[24.2434,22.7559],[28.1144,-10.4014],
[24.7711,40.1789],[23.7157,31.6534],[28.1144,-10.4014],
[24.7711,40.1789],[28.1144,-10.4014],[30.753,-6.92643],
[30.753,-6.92643],[31.2807,1.58183],[29.7868,6.66461],
[24.7711,40.1789],[30.753,-6.92643],[29.7868,6.66461],
[24.7711,40.1789],[29.7868,6.66461],[29.6988,10.8333],
[24.7711,40.1789],[29.6988,10.8333],[29.259,16.2147],
[31.0158,42.5531],[24.7711,40.1789],[29.259,16.2147],
[32.2472,38.9594],[31.0158,42.5531],[29.259,16.2147],
[32.4231,33.578],[32.2472,38.9594],[29.259,16.2147],
[31.8954,29.6881],[32.4231,33.578],[29.259,16.2147],
[31.0158,13.9234],[31.8954,29.6881],[29.259,16.2147],
Total Area : 1269.19
